# Daemon audit-log excerpt for run H-20260716-225420
# Source: the vectr daemon's per-workspace audit log (workspace hash 28b4cf951971);
# all lines tagged 'vectr.audit' in the window 2026-07-16 22:53:00 .. 2026-07-16 23:18:45 (daemon-local time).
# TRIGGER_FIRE: one line per trigger evaluation (fired=0 evaluated-not-fired; on session-start
# lines, fired=N is the number of notes injected). PROACTIVE_INJECT: one line per proxy-channel injection.
2026-07-16 22:56:40,671 INFO vectr.audit — FORGET_ALL workspace=/home/user/Documents/fde/vectr/tmp/poc-camel deleted=5
2026-07-16 22:56:43,337 INFO vectr.audit — REMEMBER workspace=/home/user/Documents/fde/vectr/tmp/poc-camel note_id=24 priority=high kind=gotcha author_id= code_hash= tags=resequencer,reverse,model chars=410 provenance=agent scope=repo
2026-07-16 22:56:46,673 INFO vectr.audit — REMEMBER workspace=/home/user/Documents/fde/vectr/tmp/poc-camel note_id=25 priority=high kind=finding author_id= code_hash= tags=resequencer,comparator,stream chars=463 provenance=agent scope=workspace
2026-07-16 22:56:50,496 INFO vectr.audit — REMEMBER workspace=/home/user/Documents/fde/vectr/tmp/poc-camel note_id=26 priority=high kind=finding author_id= code_hash= tags=resequencer,stream,reifier chars=614 provenance=agent scope=workspace
2026-07-16 22:56:54,969 INFO vectr.audit — REMEMBER workspace=/home/user/Documents/fde/vectr/tmp/poc-camel note_id=27 priority=medium kind=finding author_id= code_hash= tags=resequencer,catalog,schema chars=361 provenance=agent scope=workspace
2026-07-16 22:56:56,388 INFO vectr.audit — TRIGGER_FIRE workspace=/home/user/Documents/fde/vectr/tmp/poc-camel trigger_event=prompt-submit file_path= fired=0
2026-07-16 22:56:56,497 INFO vectr.audit — RECALL workspace=/home/user/Documents/fde/vectr/tmp/poc-camel query=How does the stream resequencer decide ordering and where is the reverse option wired for batch mode? notes_returned=3 method=semantic
2026-07-16 22:56:56,638 INFO vectr.audit — TRIGGER_FIRE workspace=/home/user/Documents/fde/vectr/tmp/poc-camel trigger_event=pre-edit file_path=/home/user/Documents/fde/vectr/tmp/poc-camel/core/camel-core-model/src/main/java/org/apache/camel/model/ResequenceDefinition.java fired=1
2026-07-16 22:56:56,639 INFO vectr.audit — RECALL workspace=/home/user/Documents/fde/vectr/tmp/poc-camel query=ResequenceDefinition.java notes_returned=1 method=path
2026-07-16 22:56:57,772 INFO vectr.audit — TRIGGER_FIRE workspace=/home/user/Documents/fde/vectr/tmp/poc-camel trigger_event=session-start file_path= fired=0
2026-07-16 22:57:00,279 INFO vectr.audit — TRIGGER_FIRE workspace=/home/user/Documents/fde/vectr/tmp/poc-camel trigger_event=prompt-submit file_path= fired=0
2026-07-16 22:57:00,793 INFO vectr.audit — RECALL workspace=/home/user/Documents/fde/vectr/tmp/poc-camel query=You are working in the Apache Camel repository checkout at the current directory.
2026-07-16 22:57:17,142 INFO vectr.audit — TRIGGER_FIRE workspace=/home/user/Documents/fde/vectr/tmp/poc-camel trigger_event=pre-edit file_path=/home/user/Documents/fde/vectr/tmp/poc-camel/core/camel-core/src/test/java/org/apache/camel/processor/StreamResequencerReverseGateTest.java fired=0
2026-07-16 22:57:17,143 INFO vectr.audit — RECALL workspace=/home/user/Documents/fde/vectr/tmp/poc-camel query=StreamResequencerReverseGateTest.java notes_returned=0 method=path
2026-07-16 22:57:17,325 INFO vectr.audit — TRIGGER_FIRE workspace=/home/user/Documents/fde/vectr/tmp/poc-camel trigger_event=pre-edit file_path=/home/user/Documents/fde/vectr/tmp/poc-camel/core/camel-core-model/src/main/java/org/apache/camel/model/ResequenceDefinition.java fired=1
2026-07-16 22:57:17,326 INFO vectr.audit — RECALL workspace=/home/user/Documents/fde/vectr/tmp/poc-camel query=ResequenceDefinition.java notes_returned=1 method=path
2026-07-16 22:57:21,885 INFO vectr.audit — TRIGGER_FIRE workspace=/home/user/Documents/fde/vectr/tmp/poc-camel trigger_event=pre-edit file_path=/home/user/Documents/fde/vectr/tmp/poc-camel/core/camel-core-model/src/main/java/org/apache/camel/model/config/StreamResequencerConfig.java fired=0
2026-07-16 22:57:21,886 INFO vectr.audit — RECALL workspace=/home/user/Documents/fde/vectr/tmp/poc-camel query=StreamResequencerConfig.java notes_returned=0 method=path
2026-07-16 22:57:22,590 INFO vectr.audit — TRIGGER_FIRE workspace=/home/user/Documents/fde/vectr/tmp/poc-camel trigger_event=pre-edit file_path=/home/user/Documents/fde/vectr/tmp/poc-camel/core/camel-core-model/src/main/java/org/apache/camel/model/config/BatchResequencerConfig.java fired=0
2026-07-16 22:57:22,590 INFO vectr.audit — RECALL workspace=/home/user/Documents/fde/vectr/tmp/poc-camel query=BatchResequencerConfig.java notes_returned=0 method=path
2026-07-16 22:57:37,077 INFO vectr.audit — TRIGGER_FIRE workspace=/home/user/Documents/fde/vectr/tmp/poc-camel trigger_event=pre-edit file_path=/home/user/Documents/fde/vectr/tmp/poc-camel/core/camel-core-processor/src/main/java/org/apache/camel/processor/StreamResequencer.java fired=0
2026-07-16 22:57:37,078 INFO vectr.audit — RECALL workspace=/home/user/Documents/fde/vectr/tmp/poc-camel query=StreamResequencer.java notes_returned=0 method=path
2026-07-16 22:57:37,463 INFO vectr.audit — TRIGGER_FIRE workspace=/home/user/Documents/fde/vectr/tmp/poc-camel trigger_event=pre-edit file_path=/home/user/Documents/fde/vectr/tmp/poc-camel/core/camel-core-reifier/src/main/java/org/apache/camel/reifier/ResequenceReifier.java fired=0
2026-07-16 22:57:37,463 INFO vectr.audit — RECALL workspace=/home/user/Documents/fde/vectr/tmp/poc-camel query=ResequenceReifier.java notes_returned=0 method=path
2026-07-16 22:57:47,581 INFO vectr.audit — TRIGGER_FIRE workspace=/home/user/Documents/fde/vectr/tmp/poc-camel trigger_event=pre-edit file_path=/home/user/Documents/fde/vectr/tmp/poc-camel/core/camel-core-processor/src/main/java/org/apache/camel/processor/resequencer/ResequencerEngine.java fired=0
2026-07-16 22:57:47,582 INFO vectr.audit — RECALL workspace=/home/user/Documents/fde/vectr/tmp/poc-camel query=ResequencerEngine.java notes_returned=0 method=path
2026-07-16 22:57:48,312 INFO vectr.audit — TRIGGER_FIRE workspace=/home/user/Documents/fde/vectr/tmp/poc-camel trigger_event=pre-edit file_path=/home/user/Documents/fde/vectr/tmp/poc-camel/core/camel-core-processor/src/main/java/org/apache/camel/processor/resequencer/Sequence.java fired=0
2026-07-16 22:57:48,312 INFO vectr.audit — RECALL workspace=/home/user/Documents/fde/vectr/tmp/poc-camel query=Sequence.java notes_returned=0 method=path
2026-07-16 22:57:48,657 INFO vectr.audit — TRIGGER_FIRE workspace=/home/user/Documents/fde/vectr/tmp/poc-camel trigger_event=pre-edit file_path=/home/user/Documents/fde/vectr/tmp/poc-camel/core/camel-core-processor/src/main/java/org/apache/camel/processor/resequencer/SequenceElementComparator.java fired=0
2026-07-16 22:57:48,658 INFO vectr.audit — RECALL workspace=/home/user/Documents/fde/vectr/tmp/poc-camel query=SequenceElementComparator.java notes_returned=0 method=path
2026-07-16 22:57:49,455 INFO vectr.audit — TRIGGER_FIRE workspace=/home/user/Documents/fde/vectr/tmp/poc-camel trigger_event=pre-edit file_path=/home/user/Documents/fde/vectr/tmp/poc-camel/core/camel-core-processor/src/main/java/org/apache/camel/processor/resequencer/ElementComparator.java fired=0
2026-07-16 22:57:49,455 INFO vectr.audit — RECALL workspace=/home/user/Documents/fde/vectr/tmp/poc-camel query=ElementComparator.java notes_returned=0 method=path
2026-07-16 22:57:50,092 INFO vectr.audit — TRIGGER_FIRE workspace=/home/user/Documents/fde/vectr/tmp/poc-camel trigger_event=pre-edit file_path=/home/user/Documents/fde/vectr/tmp/poc-camel/core/camel-core-processor/src/main/java/org/apache/camel/processor/resequencer/DefaultExchangeComparator.java fired=0
2026-07-16 22:57:50,093 INFO vectr.audit — RECALL workspace=/home/user/Documents/fde/vectr/tmp/poc-camel query=DefaultExchangeComparator.java notes_returned=0 method=path
2026-07-16 22:57:50,823 INFO vectr.audit — TRIGGER_FIRE workspace=/home/user/Documents/fde/vectr/tmp/poc-camel trigger_event=pre-edit file_path=/home/user/Documents/fde/vectr/tmp/poc-camel/core/camel-core-processor/src/main/java/org/apache/camel/processor/resequencer/ExpressionResultComparator.java fired=0
2026-07-16 22:57:50,824 INFO vectr.audit — RECALL workspace=/home/user/Documents/fde/vectr/tmp/poc-camel query=ExpressionResultComparator.java notes_returned=0 method=path
2026-07-16 22:57:51,277 INFO vectr.audit — TRIGGER_FIRE workspace=/home/user/Documents/fde/vectr/tmp/poc-camel trigger_event=pre-edit file_path=/home/user/Documents/fde/vectr/tmp/poc-camel/core/camel-core-processor/src/main/java/org/apache/camel/processor/resequencer/Element.java fired=0
2026-07-16 22:57:51,277 INFO vectr.audit — RECALL workspace=/home/user/Documents/fde/vectr/tmp/poc-camel query=Element.java notes_returned=0 method=path
2026-07-16 22:59:06,849 INFO vectr.audit — TRIGGER_FIRE workspace=/home/user/Documents/fde/vectr/tmp/poc-camel trigger_event=pre-edit file_path=/home/user/Documents/fde/vectr/tmp/poc-camel/core/camel-core-processor/src/main/java/org/apache/camel/processor/Resequencer.java fired=0
2026-07-16 22:59:06,850 INFO vectr.audit — RECALL workspace=/home/user/Documents/fde/vectr/tmp/poc-camel query=Resequencer.java notes_returned=0 method=path
2026-07-16 23:00:04,009 INFO vectr.audit — TRIGGER_FIRE workspace=/home/user/Documents/fde/vectr/tmp/poc-camel trigger_event=pre-edit file_path=/home/user/Documents/fde/vectr/tmp/poc-camel/core/camel-core-model/src/generated/resources/META-INF/org/apache/camel/model/config/batchConfig.json fired=0
2026-07-16 23:00:04,010 INFO vectr.audit — RECALL workspace=/home/user/Documents/fde/vectr/tmp/poc-camel query=batchConfig.json notes_returned=0 method=path
2026-07-16 23:00:04,250 INFO vectr.audit — TRIGGER_FIRE workspace=/home/user/Documents/fde/vectr/tmp/poc-camel trigger_event=pre-edit file_path=/home/user/Documents/fde/vectr/tmp/poc-camel/core/camel-core-model/src/generated/resources/META-INF/org/apache/camel/model/config/streamConfig.json fired=0
2026-07-16 23:00:04,250 INFO vectr.audit — RECALL workspace=/home/user/Documents/fde/vectr/tmp/poc-camel query=streamConfig.json notes_returned=0 method=path
2026-07-16 23:00:39,560 INFO vectr.audit — TRIGGER_FIRE workspace=/home/user/Documents/fde/vectr/tmp/poc-camel trigger_event=pre-edit file_path=/home/user/Documents/fde/vectr/tmp/poc-camel/core/camel-core-model/pom.xml fired=0
2026-07-16 23:00:39,561 INFO vectr.audit — RECALL workspace=/home/user/Documents/fde/vectr/tmp/poc-camel query=pom.xml notes_returned=0 method=path
2026-07-16 23:01:23,946 INFO vectr.audit — TRIGGER_FIRE workspace=/home/user/Documents/fde/vectr/tmp/poc-camel trigger_event=pre-edit file_path=/home/user/Documents/fde/vectr/tmp/poc-camel/core/camel-core-model/src/main/java/org/apache/camel/model/config/StreamResequencerConfig.java fired=0
2026-07-16 23:01:23,947 INFO vectr.audit — RECALL workspace=/home/user/Documents/fde/vectr/tmp/poc-camel query=StreamResequencerConfig.java notes_returned=0 method=path
2026-07-16 23:01:29,723 INFO vectr.audit — TRIGGER_FIRE workspace=/home/user/Documents/fde/vectr/tmp/poc-camel trigger_event=pre-edit file_path=/home/user/Documents/fde/vectr/tmp/poc-camel/core/camel-core-model/src/main/java/org/apache/camel/model/config/StreamResequencerConfig.java fired=0
2026-07-16 23:01:29,724 INFO vectr.audit — RECALL workspace=/home/user/Documents/fde/vectr/tmp/poc-camel query=StreamResequencerConfig.java notes_returned=0 method=path
2026-07-16 23:01:35,476 INFO vectr.audit — TRIGGER_FIRE workspace=/home/user/Documents/fde/vectr/tmp/poc-camel trigger_event=pre-edit file_path=/home/user/Documents/fde/vectr/tmp/poc-camel/core/camel-core-model/src/main/java/org/apache/camel/model/config/StreamResequencerConfig.java fired=0
2026-07-16 23:01:35,477 INFO vectr.audit — RECALL workspace=/home/user/Documents/fde/vectr/tmp/poc-camel query=StreamResequencerConfig.java notes_returned=0 method=path
2026-07-16 23:01:42,730 INFO vectr.audit — TRIGGER_FIRE workspace=/home/user/Documents/fde/vectr/tmp/poc-camel trigger_event=pre-edit file_path=/home/user/Documents/fde/vectr/tmp/poc-camel/core/camel-core-model/src/main/java/org/apache/camel/model/ResequenceDefinition.java fired=0
2026-07-16 23:01:42,730 INFO vectr.audit — RECALL workspace=/home/user/Documents/fde/vectr/tmp/poc-camel query=ResequenceDefinition.java notes_returned=1 method=path
2026-07-16 23:01:56,318 INFO vectr.audit — TRIGGER_FIRE workspace=/home/user/Documents/fde/vectr/tmp/poc-camel trigger_event=pre-edit file_path=/home/user/Documents/fde/vectr/tmp/poc-camel/core/camel-core-processor/src/main/java/org/apache/camel/processor/resequencer/ReverseSequenceElementComparator.java fired=0
2026-07-16 23:01:56,319 INFO vectr.audit — RECALL workspace=/home/user/Documents/fde/vectr/tmp/poc-camel query=ReverseSequenceElementComparator.java notes_returned=0 method=path
2026-07-16 23:02:13,240 INFO vectr.audit — TRIGGER_FIRE workspace=/home/user/Documents/fde/vectr/tmp/poc-camel trigger_event=pre-edit file_path=/home/user/Documents/fde/vectr/tmp/poc-camel/core/camel-core-processor/src/main/java/org/apache/camel/processor/resequencer/ResequencerEngine.java fired=0
2026-07-16 23:02:13,241 INFO vectr.audit — RECALL workspace=/home/user/Documents/fde/vectr/tmp/poc-camel query=ResequencerEngine.java notes_returned=0 method=path
2026-07-16 23:02:23,685 INFO vectr.audit — TRIGGER_FIRE workspace=/home/user/Documents/fde/vectr/tmp/poc-camel trigger_event=pre-edit file_path=/home/user/Documents/fde/vectr/tmp/poc-camel/core/camel-core-processor/src/main/java/org/apache/camel/processor/StreamResequencer.java fired=0
2026-07-16 23:02:23,686 INFO vectr.audit — RECALL workspace=/home/user/Documents/fde/vectr/tmp/poc-camel query=StreamResequencer.java notes_returned=0 method=path
2026-07-16 23:02:28,749 INFO vectr.audit — TRIGGER_FIRE workspace=/home/user/Documents/fde/vectr/tmp/poc-camel trigger_event=pre-edit file_path=/home/user/Documents/fde/vectr/tmp/poc-camel/core/camel-core-processor/src/main/java/org/apache/camel/processor/StreamResequencer.java fired=0
2026-07-16 23:02:28,750 INFO vectr.audit — RECALL workspace=/home/user/Documents/fde/vectr/tmp/poc-camel query=StreamResequencer.java notes_returned=0 method=path
2026-07-16 23:02:34,416 INFO vectr.audit — TRIGGER_FIRE workspace=/home/user/Documents/fde/vectr/tmp/poc-camel trigger_event=pre-edit file_path=/home/user/Documents/fde/vectr/tmp/poc-camel/core/camel-core-reifier/src/main/java/org/apache/camel/reifier/ResequenceReifier.java fired=0
2026-07-16 23:02:34,416 INFO vectr.audit — RECALL workspace=/home/user/Documents/fde/vectr/tmp/poc-camel query=ResequenceReifier.java notes_returned=0 method=path
2026-07-16 23:12:07,284 INFO vectr.audit — RECALL workspace=/home/user/Documents/fde/vectr/tmp/poc-camel query= notes_returned=4 method=sql
2026-07-16 23:14:29,381 INFO vectr.audit — TRIGGER_FIRE workspace=/home/user/Documents/fde/vectr/tmp/poc-camel trigger_event=session-start file_path= fired=0
2026-07-16 23:14:29,420 INFO vectr.audit — TRIGGER_FIRE workspace=/home/user/Documents/fde/vectr/tmp/poc-camel trigger_event=post-compaction file_path= fired=0
2026-07-16 23:14:41,070 INFO vectr.audit — TRIGGER_FIRE workspace=/home/user/Documents/fde/vectr/tmp/poc-camel trigger_event=pre-edit file_path=/home/user/Documents/fde/vectr/tmp/poc-camel/core/camel-core-engine/src/main/docs/modules/eips/pages/resequence-eip.adoc fired=0
2026-07-16 23:14:41,071 INFO vectr.audit — RECALL workspace=/home/user/Documents/fde/vectr/tmp/poc-camel query=resequence-eip.adoc notes_returned=0 method=path
2026-07-16 23:14:41,304 INFO vectr.audit — TRIGGER_FIRE workspace=/home/user/Documents/fde/vectr/tmp/poc-camel trigger_event=pre-edit file_path=/home/user/Documents/fde/vectr/tmp/poc-camel/core/camel-core-engine/src/main/docs/modules/eips/examples/json/streamConfig.json fired=0
2026-07-16 23:14:41,305 INFO vectr.audit — RECALL workspace=/home/user/Documents/fde/vectr/tmp/poc-camel query=streamConfig.json notes_returned=0 method=path
2026-07-16 23:15:35,185 INFO vectr.audit — TRIGGER_FIRE workspace=/home/user/Documents/fde/vectr/tmp/poc-camel trigger_event=pre-edit file_path=/home/user/Documents/fde/vectr/tmp/poc-camel/core/camel-core-engine/src/main/docs/modules/eips/pages/resequence-eip.adoc fired=0
2026-07-16 23:15:35,186 INFO vectr.audit — RECALL workspace=/home/user/Documents/fde/vectr/tmp/poc-camel query=resequence-eip.adoc notes_returned=0 method=path
2026-07-16 23:15:45,408 INFO vectr.audit — TRIGGER_FIRE workspace=/home/user/Documents/fde/vectr/tmp/poc-camel trigger_event=pre-edit file_path=/home/user/Documents/fde/vectr/tmp/poc-camel/core/camel-core-engine/src/main/docs/modules/eips/pages/resequence-eip.adoc fired=0
2026-07-16 23:15:45,409 INFO vectr.audit — RECALL workspace=/home/user/Documents/fde/vectr/tmp/poc-camel query=resequence-eip.adoc notes_returned=0 method=path
2026-07-16 23:18:16,703 INFO vectr.audit — TRIGGER_FIRE workspace=/home/user/Documents/fde/vectr/tmp/poc-camel trigger_event=pre-edit file_path=/home/user/Documents/fde/vectr/tmp/poc-camel/core/camel-core/src/test/java/org/apache/camel/processor/resequencer/TestComparatorTest.java fired=0
2026-07-16 23:18:16,704 INFO vectr.audit — RECALL workspace=/home/user/Documents/fde/vectr/tmp/poc-camel query=TestComparatorTest.java notes_returned=0 method=path
2026-07-16 23:18:16,808 INFO vectr.audit — TRIGGER_FIRE workspace=/home/user/Documents/fde/vectr/tmp/poc-camel trigger_event=pre-edit file_path=/home/user/Documents/fde/vectr/tmp/poc-camel/core/camel-core/src/test/java/org/apache/camel/processor/resequencer/SequenceTest.java fired=0
2026-07-16 23:18:16,808 INFO vectr.audit — RECALL workspace=/home/user/Documents/fde/vectr/tmp/poc-camel query=SequenceTest.java notes_returned=0 method=path
2026-07-16 23:18:26,791 INFO vectr.audit — TRIGGER_FIRE workspace=/home/user/Documents/fde/vectr/tmp/poc-camel trigger_event=pre-edit file_path=/home/user/Documents/fde/vectr/tmp/poc-camel/core/camel-core/src/test/java/org/apache/camel/processor/resequencer/TestComparator.java fired=0
2026-07-16 23:18:26,791 INFO vectr.audit — RECALL workspace=/home/user/Documents/fde/vectr/tmp/poc-camel query=TestComparator.java notes_returned=0 method=path
2026-07-16 23:18:27,413 INFO vectr.audit — TRIGGER_FIRE workspace=/home/user/Documents/fde/vectr/tmp/poc-camel trigger_event=pre-edit file_path=/home/user/Documents/fde/vectr/tmp/poc-camel/core/camel-core/src/test/java/org/apache/camel/processor/resequencer/TestObject.java fired=0
2026-07-16 23:18:27,414 INFO vectr.audit — RECALL workspace=/home/user/Documents/fde/vectr/tmp/poc-camel query=TestObject.java notes_returned=0 method=path
